2025/02/20 16:35:49 [notice] 1#1: signal 3 (SIGQUIT) received, shutting down
2025/02/20 16:35:49 [notice] 29#29: gracefully shutting down
2025/02/20 16:35:49 [notice] 36#36: gracefully shutting down
2025/02/20 16:35:49 [notice] 30#30: gracefully shutting down
2025/02/20 16:35:49 [notice] 31#31: gracefully shutting down
2025/02/20 16:35:49 [notice] 33#33: gracefully shutting down
2025/02/20 16:35:49 [notice] 33#33: exiting
2025/02/20 16:35:49 [notice] 34#34: gracefully shutting down
2025/02/20 16:35:49 [notice] 32#32: gracefully shutting down
2025/02/20 16:35:49 [notice] 32#32: exiting
2025/02/20 16:35:49 [notice] 35#35: gracefully shutting down
2025/02/20 16:35:49 [notice] 29#29: exiting
2025/02/20 16:35:49 [notice] 36#36: exiting
2025/02/20 16:35:49 [notice] 30#30: exiting
2025/02/20 16:35:49 [notice] 31#31: exiting
2025/02/20 16:35:49 [notice] 33#33: exit
2025/02/20 16:35:49 [notice] 34#34: exiting
2025/02/20 16:35:49 [notice] 32#32: exit
2025/02/20 16:35:49 [notice] 35#35: exiting
2025/02/20 16:35:49 [notice] 29#29: exit
2025/02/20 16:35:49 [notice] 36#36: exit
2025/02/20 16:35:49 [notice] 30#30: exit
2025/02/20 16:35:49 [notice] 31#31: exit
2025/02/20 16:35:49 [notice] 34#34: exit
2025/02/20 16:35:49 [notice] 35#35: exit
2025/02/20 16:35:49 [notice] 1#1: signal 17 (SIGCHLD) received from 33
2025/02/20 16:35:49 [notice] 1#1: worker process 33 exited with code 0
2025/02/20 16:35:49 [notice] 1#1: worker process 36 exited with code 0
2025/02/20 16:35:49 [notice] 1#1: signal 29 (SIGIO) received
2025/02/20 16:35:49 [notice] 1#1: signal 17 (SIGCHLD) received from 29
2025/02/20 16:35:49 [notice] 1#1: worker process 29 exited with code 0
2025/02/20 16:35:49 [notice] 1#1: worker process 32 exited with code 0
2025/02/20 16:35:49 [notice] 1#1: signal 29 (SIGIO) received
2025/02/20 16:35:49 [notice] 1#1: signal 17 (SIGCHLD) received from 34
2025/02/20 16:35:49 [notice] 1#1: worker process 30 exited with code 0
2025/02/20 16:35:49 [notice] 1#1: worker process 31 exited with code 0
2025/02/20 16:35:49 [notice] 1#1: worker process 34 exited with code 0
2025/02/20 16:35:49 [notice] 1#1: worker process 35 exited with code 0
2025/02/20 16:35:49 [notice] 1#1: exit
2025/02/20 16:35:51 [notice] 1#1: using the "epoll" event method
2025/02/20 16:35:51 [notice] 1#1: nginx/1.26.2
2025/02/20 16:35:51 [notice] 1#1: built by gcc 13.2.1 20240309 (Alpine 13.2.1_git20240309) 
2025/02/20 16:35:51 [notice] 1#1: OS: Linux 6.5.11-linuxkit
2025/02/20 16:35:51 [notice] 1#1: getrlimit(RLIMIT_NOFILE): 1048576:1048576
2025/02/20 16:35:51 [notice] 1#1: start worker processes
2025/02/20 16:35:51 [notice] 1#1: start worker process 29
2025/02/20 16:35:51 [notice] 1#1: start worker process 30
2025/02/20 16:35:51 [notice] 1#1: start worker process 31
2025/02/20 16:35:51 [notice] 1#1: start worker process 32
2025/02/20 16:35:51 [notice] 1#1: start worker process 33
2025/02/20 16:35:51 [notice] 1#1: start worker process 34
2025/02/20 16:35:51 [notice] 1#1: start worker process 35
2025/02/20 16:35:51 [notice] 1#1: start worker process 36
2025/02/20 16:35:59 [error] 29#29: *1 open() "/var/www/images_server/images/cat.jpg4" failed (2: No such file or directory), client: 192.168.65.1, server: , request: "GET /images/cat.jpg4 HTTP/1.1", host: "localhost:8445"
2025/02/20 16:45:17 [notice] 1#1: signal 3 (SIGQUIT) received, shutting down
2025/02/20 16:45:17 [notice] 29#29: gracefully shutting down
2025/02/20 16:45:17 [notice] 30#30: gracefully shutting down
2025/02/20 16:45:17 [notice] 31#31: gracefully shutting down
2025/02/20 16:45:17 [notice] 31#31: exiting
2025/02/20 16:45:17 [notice] 32#32: gracefully shutting down
2025/02/20 16:45:17 [notice] 33#33: gracefully shutting down
2025/02/20 16:45:17 [notice] 34#34: gracefully shutting down
2025/02/20 16:45:17 [notice] 35#35: gracefully shutting down
2025/02/20 16:45:17 [notice] 35#35: exiting
2025/02/20 16:45:17 [notice] 36#36: gracefully shutting down
2025/02/20 16:45:17 [notice] 36#36: exiting
2025/02/20 16:45:17 [notice] 29#29: exiting
2025/02/20 16:45:17 [notice] 30#30: exiting
2025/02/20 16:45:17 [notice] 31#31: exit
2025/02/20 16:45:17 [notice] 32#32: exiting
2025/02/20 16:45:17 [notice] 33#33: exiting
2025/02/20 16:45:17 [notice] 34#34: exiting
2025/02/20 16:45:17 [notice] 35#35: exit
2025/02/20 16:45:17 [notice] 36#36: exit
2025/02/20 16:45:17 [notice] 29#29: exit
2025/02/20 16:45:17 [notice] 30#30: exit
2025/02/20 16:45:17 [notice] 32#32: exit
2025/02/20 16:45:17 [notice] 33#33: exit
2025/02/20 16:45:17 [notice] 34#34: exit
2025/02/20 16:45:17 [notice] 1#1: signal 17 (SIGCHLD) received from 29
2025/02/20 16:45:17 [notice] 1#1: worker process 29 exited with code 0
2025/02/20 16:45:17 [notice] 1#1: worker process 36 exited with code 0
2025/02/20 16:45:17 [notice] 1#1: worker process 30 exited with code 0
2025/02/20 16:45:17 [notice] 1#1: signal 29 (SIGIO) received
2025/02/20 16:45:17 [notice] 1#1: signal 17 (SIGCHLD) received from 30
2025/02/20 16:45:17 [notice] 1#1: signal 17 (SIGCHLD) received from 31
2025/02/20 16:45:17 [notice] 1#1: worker process 31 exited with code 0
2025/02/20 16:45:17 [notice] 1#1: signal 29 (SIGIO) received
2025/02/20 16:45:17 [notice] 1#1: signal 17 (SIGCHLD) received from 35
2025/02/20 16:45:17 [notice] 1#1: worker process 35 exited with code 0
2025/02/20 16:45:17 [notice] 1#1: signal 29 (SIGIO) received
2025/02/20 16:45:17 [notice] 1#1: signal 17 (SIGCHLD) received from 32
2025/02/20 16:45:17 [notice] 1#1: worker process 32 exited with code 0
2025/02/20 16:45:17 [notice] 1#1: worker process 33 exited with code 0
2025/02/20 16:45:17 [notice] 1#1: worker process 34 exited with code 0
2025/02/20 16:45:17 [notice] 1#1: exit
2025/02/20 16:45:19 [notice] 1#1: using the "epoll" event method
2025/02/20 16:45:19 [notice] 1#1: nginx/1.26.2
2025/02/20 16:45:19 [notice] 1#1: built by gcc 13.2.1 20240309 (Alpine 13.2.1_git20240309) 
2025/02/20 16:45:19 [notice] 1#1: OS: Linux 6.5.11-linuxkit
2025/02/20 16:45:19 [notice] 1#1: getrlimit(RLIMIT_NOFILE): 1048576:1048576
2025/02/20 16:45:19 [notice] 1#1: start worker processes
2025/02/20 16:45:19 [notice] 1#1: start worker process 29
2025/02/20 16:45:19 [notice] 1#1: start worker process 30
2025/02/20 16:45:19 [notice] 1#1: start worker process 31
2025/02/20 16:45:19 [notice] 1#1: start worker process 32
2025/02/20 16:45:19 [notice] 1#1: start worker process 33
2025/02/20 16:45:19 [notice] 1#1: start worker process 34
2025/02/20 16:45:19 [notice] 1#1: start worker process 35
2025/02/20 16:45:19 [notice] 1#1: start worker process 36
2025/02/20 16:45:21 [error] 29#29: *1 open() "/var/www/images_server/images/cat.jpg4" failed (2: No such file or directory), client: 192.168.65.1, server: , request: "GET /images/cat.jpg4 HTTP/1.1", host: "localhost:8445"
2025/02/20 16:45:22 [error] 29#29: *1 open() "/var/www/images_server/images/cat.jpg4" failed (2: No such file or directory), client: 192.168.65.1, server: , request: "GET /images/cat.jpg4 HTTP/1.1", host: "localhost:8445"
2025/02/20 16:45:22 [error] 29#29: *1 open() "/var/www/images_server/images/cat.jpg4" failed (2: No such file or directory), client: 192.168.65.1, server: , request: "GET /images/cat.jpg4 HTTP/1.1", host: "localhost:8445"
2025/02/20 16:45:23 [error] 29#29: *1 open() "/var/www/images_server/images/cat.jpg4" failed (2: No such file or directory), client: 192.168.65.1, server: , request: "GET /images/cat.jpg4 HTTP/1.1", host: "localhost:8445"
2025/02/20 16:45:23 [error] 29#29: *1 open() "/var/www/images_server/images/cat.jpg4" failed (2: No such file or directory), client: 192.168.65.1, server: , request: "GET /images/cat.jpg4 HTTP/1.1", host: "localhost:8445"
2025/02/20 16:45:23 [error] 29#29: *1 open() "/var/www/images_server/images/cat.jpg4" failed (2: No such file or directory), client: 192.168.65.1, server: , request: "GET /images/cat.jpg4 HTTP/1.1", host: "localhost:8445"
2025/02/20 16:45:23 [error] 29#29: *1 open() "/var/www/images_server/images/cat.jpg4" failed (2: No such file or directory), client: 192.168.65.1, server: , request: "GET /images/cat.jpg4 HTTP/1.1", host: "localhost:8445"
2025/02/20 16:45:24 [error] 29#29: *1 open() "/var/www/images_server/images/cat.jpg4" failed (2: No such file or directory), client: 192.168.65.1, server: , request: "GET /images/cat.jpg4 HTTP/1.1", host: "localhost:8445"
2025/02/20 16:46:13 [error] 29#29: *1 open() "/var/www/images_server/images/cat.jpg3" failed (2: No such file or directory), client: 192.168.65.1, server: , request: "GET /images/cat.jpg3 HTTP/1.1", host: "localhost:8445"
2025/02/20 16:46:27 [error] 29#29: *1 open() "/var/www/images_server/images/cat3.jpg" failed (2: No such file or directory), client: 192.168.65.1, server: , request: "GET /images/cat3.jpg HTTP/1.1", host: "localhost:8445"
2025/02/20 16:46:39 [error] 29#29: *1 open() "/var/www/images_server/images/cat673.jpg" failed (2: No such file or directory), client: 192.168.65.1, server: , request: "GET /images/cat673.jpg HTTP/1.1", host: "localhost:8445"
